Drill report for projeto_luz_prefeitura_02.kicad_pcb
Created on qui 23 nov 2023 11:23:02

Copper Layer Stackup:
    =============================================================
    L1 :  F.Cu                      front
    L2 :  B.Cu                      back


Drill file 'projeto_luz_prefeitura_02-PTH.drl' contains
    plated through holes:
    =============================================================
    T1  0,400mm  0,0157"  (14 holes)
    T2  0,600mm  0,0236"  (20 holes)
    T3  0,750mm  0,0295"  (24 holes)
    T4  0,762mm  0,0300"  (62 holes)
    T5  0,800mm  0,0315"  (48 holes)
    T6  0,900mm  0,0354"  (20 holes)
    T7  1,000mm  0,0394"  (30 holes)
    T8  1,100mm  0,0433"  (31 holes)  (with 18 slots)
    T9  1,200mm  0,0472"  (2 holes)
    T10  1,400mm  0,0551"  (48 holes)
    T11  3,200mm  0,1260"  (4 holes)

    Total plated holes count 303


Drill file 'projeto_luz_prefeitura_02-NPTH.drl' contains
    unplated through holes:
    =============================================================

    Total unplated holes count 0
